<testsuite name="Mocha Tests" tests="0" failures="0" errors="0" skipped="0" timestamp="Tue, 04 Sep 2018 16:16:03 GMT" time="0">
</testsuite>
